<?xml version="1.0" encoding="UTF-8"?>
<!-- Generated by org.testng.reporters.JUnitReportReporter -->
<testsuite skipped="0" hostname="LAPTOP-UMFJ6OLA" name="com.DrGarcia.UserTestScripts.MyAccountTest" tests="1" failures="0" timestamp="2021-11-25T18:34:51 IST" time="45.905" errors="0">
  <testcase name="userCheck" time="45.905" classname="com.DrGarcia.UserTestScripts.MyAccountTest"/>
  <system-out/>
</testsuite> <!-- com.DrGarcia.UserTestScripts.MyAccountTest -->
