<?xml version="1.0" encoding="UTF-8"?>
<!-- Generated by org.testng.reporters.JUnitReportReporter -->
<testsuite skipped="0" hostname="LAPTOP-UMFJ6OLA" name="com.DrGarcia.UserTestScripts.WatchSessionTest" tests="1" failures="0" timestamp="2021-12-13T17:23:03 IST" time="55.839" errors="0">
  <testcase name="watch" time="55.839" classname="com.DrGarcia.UserTestScripts.WatchSessionTest"/>
  <system-out/>
</testsuite> <!-- com.DrGarcia.UserTestScripts.WatchSessionTest -->
