<?xml version="1.0" encoding="UTF-8"?>
<!-- Generated by org.testng.reporters.JUnitReportReporter -->
<testsuite skipped="0" hostname="LAPTOP-UMFJ6OLA" name="com.DrGarcia.UserTestScripts.ForgotPasswordTest" tests="1" failures="0" timestamp="2021-11-12T10:29:54 IST" time="14.581" errors="0">
  <testcase name="forgotPassword" time="14.581" classname="com.DrGarcia.UserTestScripts.ForgotPasswordTest"/>
  <system-out/>
</testsuite> <!-- com.DrGarcia.UserTestScripts.ForgotPasswordTest -->
