<?xml version="1.0" encoding="UTF-8"?>
<!-- Generated by org.testng.reporters.JUnitReportReporter -->
<testsuite skipped="0" hostname="LAPTOP-UMFJ6OLA" name="com.DrGarcia.UserTestScripts.ApplyforMainCourseTest" tests="1" failures="0" timestamp="2021-12-13T17:23:04 IST" time="45.031" errors="0">
  <testcase name="MainpurchaseCourse" time="45.031" classname="com.DrGarcia.UserTestScripts.ApplyforMainCourseTest"/>
  <system-out/>
</testsuite> <!-- com.DrGarcia.UserTestScripts.ApplyforMainCourseTest -->
