<?xml version="1.0" encoding="UTF-8"?>
<!-- Generated by org.testng.reporters.JUnitReportReporter -->
<testsuite skipped="0" hostname="LAPTOP-UMFJ6OLA" name="com.DrGarcia.UserTestScripts.ForgotPasswordTest" tests="1" failures="0" timestamp="2021-12-03T13:11:17 IST" time="17.925" errors="0">
  <testcase name="forgotPassword" time="17.925" classname="com.DrGarcia.UserTestScripts.ForgotPasswordTest"/>
  <system-out/>
</testsuite> <!-- com.DrGarcia.UserTestScripts.ForgotPasswordTest -->
