<?xml version="1.0" encoding="UTF-8"?>
<!-- Generated by org.testng.reporters.JUnitReportReporter -->
<testsuite skipped="0" hostname="LAPTOP-UMFJ6OLA" name="com.DrGarcia.UserTestScripts.SignupUserTest" tests="1" failures="0" timestamp="2021-11-19T17:06:31 IST" time="39.764" errors="0">
  <testcase name="signupTest" time="39.764" classname="com.DrGarcia.UserTestScripts.SignupUserTest"/>
  <system-out/>
</testsuite> <!-- com.DrGarcia.UserTestScripts.SignupUserTest -->
