<?xml version="1.0" encoding="UTF-8"?>
<!-- Generated by org.testng.reporters.JUnitReportReporter -->
<testsuite skipped="0" hostname="LAPTOP-UMFJ6OLA" name="com.DrGarcia.UserTestScripts.WatchSessionTest" tests="1" failures="0" timestamp="2021-11-19T17:06:31 IST" time="59.841" errors="0">
  <testcase name="watch" time="59.841" classname="com.DrGarcia.UserTestScripts.WatchSessionTest"/>
  <system-out/>
</testsuite> <!-- com.DrGarcia.UserTestScripts.WatchSessionTest -->
