<?xml version="1.0" encoding="UTF-8"?>
<!-- Generated by org.testng.reporters.JUnitReportReporter -->
<testsuite skipped="0" hostname="LAPTOP-UMFJ6OLA" name="com.DrGarcia.UserTestScripts.LoginPageTest" tests="1" failures="0" timestamp="2021-11-19T17:06:31 IST" time="26.698" errors="0">
  <testcase name="loginTest" time="26.698" classname="com.DrGarcia.UserTestScripts.LoginPageTest"/>
  <system-out/>
</testsuite> <!-- com.DrGarcia.UserTestScripts.LoginPageTest -->
