<?xml version="1.0" encoding="UTF-8"?>
<!-- Generated by org.testng.reporters.JUnitReportReporter -->
<testsuite skipped="0" hostname="LAPTOP-UMFJ6OLA" name="com.DrGarcia.UserTestScripts.FooterPageTest" tests="7" failures="0" timestamp="2021-12-13T17:23:03 IST" time="207.382" errors="0">
  <testcase name="newsLetter" time="26.239" classname="com.DrGarcia.UserTestScripts.FooterPageTest"/>
  <system-out/>
  <testcase name="checkFacebooklink" time="30.678" classname="com.DrGarcia.UserTestScripts.FooterPageTest"/>
  <system-out/>
  <testcase name="checkYoutubeLink" time="43.710" classname="com.DrGarcia.UserTestScripts.FooterPageTest"/>
  <system-out/>
  <testcase name="privacyPolicy" time="29.152" classname="com.DrGarcia.UserTestScripts.FooterPageTest"/>
  <system-out/>
  <testcase name="termsConditions" time="23.600" classname="com.DrGarcia.UserTestScripts.FooterPageTest"/>
  <system-out/>
  <testcase name="poweredByHelenzys" time="25.923" classname="com.DrGarcia.UserTestScripts.FooterPageTest"/>
  <system-out/>
  <testcase name="recentPost" time="28.080" classname="com.DrGarcia.UserTestScripts.FooterPageTest"/>
  <system-out/>
</testsuite> <!-- com.DrGarcia.UserTestScripts.FooterPageTest -->
