<?xml version="1.0" encoding="UTF-8"?>
<!-- Generated by org.testng.reporters.JUnitReportReporter -->
<testsuite skipped="0" hostname="LAPTOP-UMFJ6OLA" name="com.DrGarcia.UserTestScripts.PurchaseCourseTest" tests="1" failures="0" timestamp="2021-11-09T16:29:31 IST" time="53.785" errors="0">
  <testcase name="purchaseCourse" time="53.785" classname="com.DrGarcia.UserTestScripts.PurchaseCourseTest"/>
  <system-out/>
</testsuite> <!-- com.DrGarcia.UserTestScripts.PurchaseCourseTest -->
