<?xml version="1.0" encoding="UTF-8"?>
<!-- Generated by org.testng.reporters.JUnitReportReporter -->
<testsuite skipped="0" hostname="LAPTOP-UMFJ6OLA" name="com.DrGarcia.UserTestScripts.MyAccountTest" tests="2" failures="0" timestamp="2021-12-03T13:11:17 IST" time="70.278" errors="0">
  <testcase name="userCheck" time="34.396" classname="com.DrGarcia.UserTestScripts.MyAccountTest"/>
  <system-out/>
  <testcase name="changePasswordTest" time="35.882" classname="com.DrGarcia.UserTestScripts.MyAccountTest"/>
  <system-out/>
</testsuite> <!-- com.DrGarcia.UserTestScripts.MyAccountTest -->
