<?xml version="1.0" encoding="UTF-8"?>
<!-- Generated by org.testng.reporters.JUnitReportReporter -->
<testsuite skipped="0" hostname="LAPTOP-UMFJ6OLA" name="com.DrGarcia.UserTestScripts.ApplyForKnowledgeVideoTest" tests="1" failures="0" timestamp="2021-12-03T13:11:17 IST" time="56.829" errors="0">
  <testcase name="purchaseKnowledgeCourse" time="56.829" classname="com.DrGarcia.UserTestScripts.ApplyForKnowledgeVideoTest"/>
  <system-out/>
</testsuite> <!-- com.DrGarcia.UserTestScripts.ApplyForKnowledgeVideoTest -->
