<?xml version="1.0" encoding="UTF-8"?>
<!-- Generated by org.testng.reporters.JUnitReportReporter -->
<testsuite skipped="0" hostname="LAPTOP-UMFJ6OLA" name="com.DrGarcia.UserTestScripts.LoginPageTest" tests="1" failures="0" timestamp="2021-11-24T20:33:14 IST" time="23.558" errors="0">
  <testcase name="loginTest" time="23.558" classname="com.DrGarcia.UserTestScripts.LoginPageTest"/>
  <system-out/>
</testsuite> <!-- com.DrGarcia.UserTestScripts.LoginPageTest -->
