<?xml version="1.0" encoding="UTF-8"?>
<!-- Generated by org.testng.reporters.JUnitReportReporter -->
<testsuite skipped="0" hostname="LAPTOP-UMFJ6OLA" name="com.DrGarcia.UserTestScripts.LoginPageTest" tests="1" failures="0" timestamp="2021-11-08T11:51:42 IST" time="40.471" errors="0">
  <testcase name="loginTest" time="40.471" classname="com.DrGarcia.UserTestScripts.LoginPageTest"/>
  <system-out/>
</testsuite> <!-- com.DrGarcia.UserTestScripts.LoginPageTest -->
