<?xml version="1.0" encoding="UTF-8"?>
<!-- Generated by org.testng.reporters.JUnitReportReporter -->
<testsuite skipped="0" hostname="LAPTOP-UMFJ6OLA" name="com.DrGarcia.UserTestScripts.ApplyforMainCourseTest" tests="1" failures="0" timestamp="2021-11-12T10:29:54 IST" time="53.307" errors="0">
  <testcase name="purchaseCourse" time="53.307" classname="com.DrGarcia.UserTestScripts.ApplyforMainCourseTest"/>
  <system-out/>
</testsuite> <!-- com.DrGarcia.UserTestScripts.ApplyforMainCourseTest -->
