<?xml version="1.0" encoding="UTF-8"?>
<!-- Generated by org.testng.reporters.JUnitReportReporter -->
<testsuite skipped="0" hostname="LAPTOP-UMFJ6OLA" name="com.DrGarcia.UserTestScripts.ApplyForKnowledgeVideoTest" tests="1" failures="0" timestamp="2021-11-19T17:06:31 IST" time="62.929" errors="0">
  <testcase name="purchaseCourse" time="62.929" classname="com.DrGarcia.UserTestScripts.ApplyForKnowledgeVideoTest"/>
  <system-out/>
</testsuite> <!-- com.DrGarcia.UserTestScripts.ApplyForKnowledgeVideoTest -->
