<?xml version="1.0" encoding="UTF-8"?>
<!-- Generated by org.testng.reporters.JUnitReportReporter -->
<testsuite skipped="0" hostname="LAPTOP-UMFJ6OLA" name="com.DrGarcia.UserTestScripts.MyAccountTest" tests="2" failures="0" timestamp="2021-12-13T17:23:03 IST" time="96.762" errors="0">
  <testcase name="userCheck" time="38.969" classname="com.DrGarcia.UserTestScripts.MyAccountTest"/>
  <system-out/>
  <testcase name="changePasswordTest" time="57.793" classname="com.DrGarcia.UserTestScripts.MyAccountTest"/>
  <system-out/>
</testsuite> <!-- com.DrGarcia.UserTestScripts.MyAccountTest -->
